<?xml version="1.0" encoding="UTF-8"?>
<!-- Generated by org.testng.reporters.JUnitReportReporter -->
<testsuite hostname="CITMN5CD3411Q36" failures="0" tests="1" name="testCases.DynamicTableTestCase" time="1.441" errors="0" timestamp="2024-10-30T20:50:46 IST" skipped="0">
  <testcase classname="testCases.DynamicTableTestCase" name="sendDataFetchDataAndAssert" time="1.441"/>
  <system-out/>
</testsuite> <!-- testCases.DynamicTableTestCase -->
